ychatAndroid/uikit/build/outputs/logs/manifest-merger-debug-report.txt
-- Merging decision tree log ---
manifest
ADDED from ychatAndroid\uikit\AndroidManifest.xml:1:1-195:12
INJECTED from ychatAndroid\uikit\AndroidManifest.xml:1:1-195:12
INJECTED from ychatAndroid\uikit\AndroidManifest.xml:1:1-195:12
INJECTED from ychatAndroid\uikit\AndroidManifest.xml:1:1-195:12
INJECTED from ychatAndroid\uikit\AndroidManifest.xml:1:1-195:12
INJECTED from ychatAndroid\uikit\AndroidManifest.xml:1:1-195:12
INJECTED from ychatAndroid\uikit\AndroidManifest.xml:1:1-195:12
	package
		ADDED from ychatAndroid\uikit\AndroidManifest.xml:2:5-36
		INJECTED from ychatAndroid\uikit\AndroidManifest.xml
		INJECTED from ychatAndroid\uikit\AndroidManifest.xml
	android:versionName
		INJECTED from ychatAndroid\uikit\AndroidManifest.xml
		ADDED from ychatAndroid\uikit\AndroidManifest.xml:1:1-195:12
		INJECTED from ychatAndroid\uikit\AndroidManifest.xml
	android:versionCode
		INJECTED from ychatAndroid\uikit\AndroidManifest.xml
		ADDED from ychatAndroid\uikit\AndroidManifest.xml:1:1-195:12
		INJECTED from ychatAndroid\uikit\AndroidManifest.xml
	xmlns:android
		ADDED from ychatAndroid\uikit\AndroidManifest.xml:1:11-69
application
ADDED from ychatAndroid\uikit\AndroidManifest.xml:5:5-194:19
meta-data#com.netease.nim.uikit.support.glide.NIMGlideModule
ADDED from ychatAndroid\uikit\AndroidManifest.xml:7:9-9:43
	android:value
		ADDED from ychatAndroid\uikit\AndroidManifest.xml:9:13-40
	android:name
		ADDED from ychatAndroid\uikit\AndroidManifest.xml:8:13-78
activity#com.netease.nim.uikit.business.session.activity.P2PMessageActivity
ADDED from ychatAndroid\uikit\AndroidManifest.xml:14:9-19:70
	android:screenOrientation
		ADDED from ychatAndroid\uikit\AndroidManifest.xml:18:13-49
	android:launchMode
		ADDED from ychatAndroid\uikit\AndroidManifest.xml:17:13-44
	android:windowSoftInputMode
		ADDED from ychatAndroid\uikit\AndroidManifest.xml:19:13-67
	android:configChanges
		ADDED from ychatAndroid\uikit\AndroidManifest.xml:16:13-63
	android:name
		ADDED from ychatAndroid\uikit\AndroidManifest.xml:15:13-94
activity#com.netease.nim.uikit.business.session.activity.TeamMessageActivity
ADDED from ychatAndroid\uikit\AndroidManifest.xml:20:9-25:70
	android:screenOrientation
		ADDED from ychatAndroid\uikit\AndroidManifest.xml:24:13-49
	android:launchMode
		ADDED from ychatAndroid\uikit\AndroidManifest.xml:23:13-44
	android:windowSoftInputMode
		ADDED from ychatAndroid\uikit\AndroidManifest.xml:25:13-67
	android:configChanges
		ADDED from ychatAndroid\uikit\AndroidManifest.xml:22:13-63
	android:name
		ADDED from ychatAndroid\uikit\AndroidManifest.xml:21:13-95
activity#com.netease.nim.uikit.business.team.activity.NormalTeamInfoActivity
ADDED from ychatAndroid\uikit\AndroidManifest.xml:28:9-32:70
	android:screenOrientation
		ADDED from ychatAndroid\uikit\AndroidManifest.xml:31:13-49
	android:windowSoftInputMode
		ADDED from ychatAndroid\uikit\AndroidManifest.xml:32:13-67
	android:configChanges
		ADDED from ychatAndroid\uikit\AndroidManifest.xml:30:13-63
	android:name
		ADDED from ychatAndroid\uikit\AndroidManifest.xml:29:13-95
activity#com.netease.nim.uikit.business.team.activity.AdvancedTeamInfoActivity
ADDED from ychatAndroid\uikit\AndroidManifest.xml:33:9-37:70
	android:screenOrientation
		ADDED from ychatAndroid\uikit\AndroidManifest.xml:36:13-49
	android:windowSoftInputMode
		ADDED from ychatAndroid\uikit\AndroidManifest.xml:37:13-67
	android:configChanges
		ADDED from ychatAndroid\uikit\AndroidManifest.xml:35:13-63
	android:name
		ADDED from ychatAndroid\uikit\AndroidManifest.xml:34:13-97
activity#com.netease.nim.uikit.business.team.activity.AdvancedTeamMemberActivity
ADDED from ychatAndroid\uikit\AndroidManifest.xml:38:9-42:70
	android:screenOrientation
		ADDED from ychatAndroid\uikit\AndroidManifest.xml:41:13-49
	android:windowSoftInputMode
		ADDED from ychatAndroid\uikit\AndroidManifest.xml:42:13-67
	android:configChanges
		ADDED from ychatAndroid\uikit\AndroidManifest.xml:40:13-63
	android:name
		ADDED from ychatAndroid\uikit\AndroidManifest.xml:39:13-99
activity#com.netease.nim.uikit.business.team.activity.AdvancedTeamAnnounceActivity
ADDED from ychatAndroid\uikit\AndroidManifest.xml:43:9-47:70
	android:screenOrientation
		ADDED from ychatAndroid\uikit\AndroidManifest.xml:46:13-49
	android:windowSoftInputMode
		ADDED from ychatAndroid\uikit\AndroidManifest.xml:47:13-67
	android:configChanges
		ADDED from ychatAndroid\uikit\AndroidManifest.xml:45:13-63
	android:name
		ADDED from ychatAndroid\uikit\AndroidManifest.xml:44:13-101
activity#com.netease.nim.uikit.business.team.activity.AdvancedTeamMemberInfoActivity
ADDED from ychatAndroid\uikit\AndroidManifest.xml:48:9-52:70
	android:screenOrientation
		ADDED from ychatAndroid\uikit\AndroidManifest.xml:51:13-49
	android:windowSoftInputMode
		ADDED from ychatAndroid\uikit\AndroidManifest.xml:52:13-67
	android:configChanges
		ADDED from ychatAndroid\uikit\AndroidManifest.xml:50:13-63
	android:name
		ADDED from ychatAndroid\uikit\AndroidManifest.xml:49:13-103
activity#com.netease.nim.uikit.business.team.activity.TeamManagmentActivity
ADDED from ychatAndroid\uikit\AndroidManifest.xml:53:9-57:70
	android:screenOrientation
		ADDED from ychatAndroid\uikit\AndroidManifest.xml:56:13-49
	android:windowSoftInputMode
		ADDED from ychatAndroid\uikit\AndroidManifest.xml:57:13-67
	android:configChanges
		ADDED from ychatAndroid\uikit\AndroidManifest.xml:55:13-63
	android:name
		ADDED from ychatAndroid\uikit\AndroidManifest.xml:54:13-94
activity#com.netease.nim.uikit.business.team.activity.TeamAutoGetRedpacketActivity
ADDED from ychatAndroid\uikit\AndroidManifest.xml:59:9-63:70
	android:screenOrientation
		ADDED from ychatAndroid\uikit\AndroidManifest.xml:62:13-49
	android:windowSoftInputMode
		ADDED from ychatAndroid\uikit\AndroidManifest.xml:63:13-67
	android:configChanges
		ADDED from ychatAndroid\uikit\AndroidManifest.xml:61:13-63
	android:name
		ADDED from ychatAndroid\uikit\AndroidManifest.xml:60:13-101
activity#com.netease.nim.uikit.business.team.activity.TeamMemberChangeActivity
ADDED from ychatAndroid\uikit\AndroidManifest.xml:65:9-69:70
	android:screenOrientation
		ADDED from ychatAndroid\uikit\AndroidManifest.xml:68:13-49
	android:windowSoftInputMode
		ADDED from ychatAndroid\uikit\AndroidManifest.xml:69:13-67
	android:configChanges
		ADDED from ychatAndroid\uikit\AndroidManifest.xml:67:13-63
	android:name
		ADDED from ychatAndroid\uikit\AndroidManifest.xml:66:13-97
activity#com.netease.nim.uikit.business.team.activity.TeamMemberChatTimeActivity
ADDED from ychatAndroid\uikit\AndroidManifest.xml:71:9-75:70
	android:screenOrientation
		ADDED from ychatAndroid\uikit\AndroidManifest.xml:74:13-49
	android:windowSoftInputMode
		ADDED from ychatAndroid\uikit\AndroidManifest.xml:75:13-67
	android:configChanges
		ADDED from ychatAndroid\uikit\AndroidManifest.xml:73:13-63
	android:name
		ADDED from ychatAndroid\uikit\AndroidManifest.xml:72:13-99
activity#com.netease.nim.uikit.business.team.activity.TeamMuteActivity
ADDED from ychatAndroid\uikit\AndroidManifest.xml:77:9-81:70
	android:screenOrientation
		ADDED from ychatAndroid\uikit\AndroidManifest.xml:80:13-49
	android:windowSoftInputMode
		ADDED from ychatAndroid\uikit\AndroidManifest.xml:81:13-67
	android:configChanges
		ADDED from ychatAndroid\uikit\AndroidManifest.xml:79:13-63
	android:name
		ADDED from ychatAndroid\uikit\AndroidManifest.xml:78:13-89
activity#com.netease.nim.uikit.business.team.activity.AdvancedTeamNicknameActivity
ADDED from ychatAndroid\uikit\AndroidManifest.xml:83:9-87:70
	android:screenOrientation
		ADDED from ychatAndroid\uikit\AndroidManifest.xml:86:13-49
	android:windowSoftInputMode
		ADDED from ychatAndroid\uikit\AndroidManifest.xml:87:13-67
	android:configChanges
		ADDED from ychatAndroid\uikit\AndroidManifest.xml:85:13-63
	android:name
		ADDED from ychatAndroid\uikit\AndroidManifest.xml:84:13-101
activity#com.netease.nim.uikit.business.team.activity.AdvancedTeamCreateAnnounceActivity
ADDED from ychatAndroid\uikit\AndroidManifest.xml:88:9-92:70
	android:screenOrientation
		ADDED from ychatAndroid\uikit\AndroidManifest.xml:91:13-49
	android:windowSoftInputMode
		ADDED from ychatAndroid\uikit\AndroidManifest.xml:92:13-67
	android:configChanges
		ADDED from ychatAndroid\uikit\AndroidManifest.xml:90:13-63
	android:name
		ADDED from ychatAndroid\uikit\AndroidManifest.xml:89:13-107
activity#com.netease.nim.uikit.business.team.activity.TeamPropertySettingActivity
ADDED from ychatAndroid\uikit\AndroidManifest.xml:93:9-97:70
	android:screenOrientation
		ADDED from ychatAndroid\uikit\AndroidManifest.xml:96:13-49
	android:windowSoftInputMode
		ADDED from ychatAndroid\uikit\AndroidManifest.xml:97:13-67
	android:configChanges
		ADDED from ychatAndroid\uikit\AndroidManifest.xml:95:13-63
	android:name
		ADDED from ychatAndroid\uikit\AndroidManifest.xml:94:13-100
activity#com.netease.nim.uikit.common.activity.GroupCodeActivity
ADDED from ychatAndroid\uikit\AndroidManifest.xml:99:9-103:70
	android:screenOrientation
		ADDED from ychatAndroid\uikit\AndroidManifest.xml:102:13-49
	android:windowSoftInputMode
		ADDED from ychatAndroid\uikit\AndroidManifest.xml:103:13-67
	android:configChanges
		ADDED from ychatAndroid\uikit\AndroidManifest.xml:101:13-63
	android:name
		ADDED from ychatAndroid\uikit\AndroidManifest.xml:100:13-83
activity#com.netease.nim.uikit.business.contact.selector.activity.ContactSelectActivity
ADDED from ychatAndroid\uikit\AndroidManifest.xml:106:9-111:67
	android:screenOrientation
		ADDED from ychatAndroid\uikit\AndroidManifest.xml:110:13-49
	android:label
		ADDED from ychatAndroid\uikit\AndroidManifest.xml:109:13-53
	android:windowSoftInputMode
		ADDED from ychatAndroid\uikit\AndroidManifest.xml:111:13-64
	android:configChanges
		ADDED from ychatAndroid\uikit\AndroidManifest.xml:108:13-63
	android:name
		ADDED from ychatAndroid\uikit\AndroidManifest.xml:107:13-106
activity#com.netease.nim.uikit.business.ait.selector.AitContactSelectorActivity
ADDED from ychatAndroid\uikit\AndroidManifest.xml:114:9-116:52
	android:screenOrientation
		ADDED from ychatAndroid\uikit\AndroidManifest.xml:116:13-49
	android:name
		ADDED from ychatAndroid\uikit\AndroidManifest.xml:115:13-77
activity#com.netease.nim.uikit.common.media.picker.activity.PickImageActivity
ADDED from ychatAndroid\uikit\AndroidManifest.xml:119:9-122:59
	android:screenOrientation
		ADDED from ychatAndroid\uikit\AndroidManifest.xml:121:13-49
	android:theme
		ADDED from ychatAndroid\uikit\AndroidManifest.xml:122:13-56
	android:name
		ADDED from ychatAndroid\uikit\AndroidManifest.xml:120:13-96
activity#com.netease.nim.uikit.common.media.picker.activity.CropImageActivity
ADDED from ychatAndroid\uikit\AndroidManifest.xml:123:9-125:52
	android:screenOrientation
		ADDED from ychatAndroid\uikit\AndroidManifest.xml:125:13-49
	android:name
		ADDED from ychatAndroid\uikit\AndroidManifest.xml:124:13-96
activity#com.netease.nim.uikit.common.media.picker.activity.PickerAlbumActivity
ADDED from ychatAndroid\uikit\AndroidManifest.xml:126:9-129:59
	android:screenOrientation
		ADDED from ychatAndroid\uikit\AndroidManifest.xml:128:13-49
	android:theme
		ADDED from ychatAndroid\uikit\AndroidManifest.xml:129:13-56
	android:name
		ADDED from ychatAndroid\uikit\AndroidManifest.xml:127:13-98
activity#com.netease.nim.uikit.common.media.picker.activity.PickerAlbumPreviewActivity
ADDED from ychatAndroid\uikit\AndroidManifest.xml:130:9-133:59
	android:screenOrientation
		ADDED from ychatAndroid\uikit\AndroidManifest.xml:132:13-49
	android:theme
		ADDED from ychatAndroid\uikit\AndroidManifest.xml:133:13-56
	android:name
		ADDED from ychatAndroid\uikit\AndroidManifest.xml:131:13-105
activity#com.netease.nim.uikit.common.media.picker.activity.PreviewImageFromLocalActivity
ADDED from ychatAndroid\uikit\AndroidManifest.xml:134:9-140:70
	android:screenOrientation
		ADDED from ychatAndroid\uikit\AndroidManifest.xml:137:13-49
	android:windowSoftInputMode
		ADDED from ychatAndroid\uikit\AndroidManifest.xml:140:13-67
	android:configChanges
		ADDED from ychatAndroid\uikit\AndroidManifest.xml:136:13-63
	android:theme
		ADDED from ychatAndroid\uikit\AndroidManifest.xml:138:13-56
	android:name
		ADDED from ychatAndroid\uikit\AndroidManifest.xml:135:13-108
activity#com.netease.nim.uikit.common.media.picker.activity.PreviewImageFromCameraActivity
ADDED from ychatAndroid\uikit\AndroidManifest.xml:141:9-147:70
	android:screenOrientation
		ADDED from ychatAndroid\uikit\AndroidManifest.xml:145:13-49
	android:label
		ADDED from ychatAndroid\uikit\AndroidManifest.xml:144:13-53
	android:windowSoftInputMode
		ADDED from ychatAndroid\uikit\AndroidManifest.xml:147:13-67
	android:configChanges
		ADDED from ychatAndroid\uikit\AndroidManifest.xml:143:13-63
	android:theme
		ADDED from ychatAndroid\uikit\AndroidManifest.xml:146:13-56
	android:name
		ADDED from ychatAndroid\uikit\AndroidManifest.xml:142:13-109
activity#com.netease.nim.uikit.business.team.activity.ScanCodeErrorActivity
ADDED from ychatAndroid\uikit\AndroidManifest.xml:149:9-153:70
	android:screenOrientation
		ADDED from ychatAndroid\uikit\AndroidManifest.xml:152:13-49
	android:windowSoftInputMode
		ADDED from ychatAndroid\uikit\AndroidManifest.xml:153:13-67
	android:configChanges
		ADDED from ychatAndroid\uikit\AndroidManifest.xml:151:13-48
	android:name
		ADDED from ychatAndroid\uikit\AndroidManifest.xml:150:13-73
activity#com.netease.nim.uikit.business.session.activity.CaptureVideoActivity
ADDED from ychatAndroid\uikit\AndroidManifest.xml:156:9-161:70
	android:screenOrientation
		ADDED from ychatAndroid\uikit\AndroidManifest.xml:159:13-49
	android:windowSoftInputMode
		ADDED from ychatAndroid\uikit\AndroidManifest.xml:161:13-67
	android:configChanges
		ADDED from ychatAndroid\uikit\AndroidManifest.xml:158:13-63
	android:name
		ADDED from ychatAndroid\uikit\AndroidManifest.xml:157:13-96
activity#com.netease.nim.uikit.business.session.activity.WatchVideoActivity
ADDED from ychatAndroid\uikit\AndroidManifest.xml:163:9-166:50
	android:label
		ADDED from ychatAndroid\uikit\AndroidManifest.xml:166:13-47
	android:configChanges
		ADDED from ychatAndroid\uikit\AndroidManifest.xml:165:13-74
	android:name
		ADDED from ychatAndroid\uikit\AndroidManifest.xml:164:13-94
activity#com.netease.nim.uikit.business.session.activity.WatchMessagePictureActivity
ADDED from ychatAndroid\uikit\AndroidManifest.xml:169:9-171:54
	android:configChanges
		ADDED from ychatAndroid\uikit\AndroidManifest.xml:171:13-51
	android:name
		ADDED from ychatAndroid\uikit\AndroidManifest.xml:170:13-103
activity#com.netease.nim.uikit.business.session.activity.WatchPicAndVideoMenuActivity
ADDED from ychatAndroid\uikit\AndroidManifest.xml:173:9-175:54
	android:configChanges
		ADDED from ychatAndroid\uikit\AndroidManifest.xml:175:13-51
	android:name
		ADDED from ychatAndroid\uikit\AndroidManifest.xml:174:13-83
service#com.netease.nim.uikit.common.UpdateMemberChatTimeService
ADDED from ychatAndroid\uikit\AndroidManifest.xml:177:9-71
	android:name
		ADDED from ychatAndroid\uikit\AndroidManifest.xml:177:18-68
service#com.netease.nim.uikit.business.team.helper.UpdateMemberChangeService
ADDED from ychatAndroid\uikit\AndroidManifest.xml:179:9-83
	android:name
		ADDED from ychatAndroid\uikit\AndroidManifest.xml:179:18-80
service#com.netease.nim.uikit.business.team.helper.UpdateTeamStatusService
ADDED from ychatAndroid\uikit\AndroidManifest.xml:181:9-81
	android:name
		ADDED from ychatAndroid\uikit\AndroidManifest.xml:181:18-78
service#com.netease.nim.uikit.business.team.helper.RemovePreventRedpacketService
ADDED from ychatAndroid\uikit\AndroidManifest.xml:183:9-87
	android:name
		ADDED from ychatAndroid\uikit\AndroidManifest.xml:183:18-84
provider#com.netease.nim.uikit.common.media.picker.model.GenericFileProvider
ADDED from ychatAndroid\uikit\AndroidManifest.xml:185:9-193:20
	android:grantUriPermissions
		ADDED from ychatAndroid\uikit\AndroidManifest.xml:189:13-47
	android:authorities
		ADDED from ychatAndroid\uikit\AndroidManifest.xml:187:13-73
	android:exported
		ADDED from ychatAndroid\uikit\AndroidManifest.xml:188:13-37
	android:name
		ADDED from ychatAndroid\uikit\AndroidManifest.xml:186:13-95
meta-data#android.support.FILE_PROVIDER_PATHS
ADDED from ychatAndroid\uikit\AndroidManifest.xml:190:13-192:58
	android:resource
		ADDED from ychatAndroid\uikit\AndroidManifest.xml:192:17-55
	android:name
		ADDED from ychatAndroid\uikit\AndroidManifest.xml:191:17-67
uses-sdk
INJECTED from ychatAndroid\uikit\AndroidManifest.xml reason: use-sdk injection requested
INJECTED from ychatAndroid\uikit\AndroidManifest.xml
INJECTED from ychatAndroid\uikit\AndroidManifest.xml
INJECTED from ychatAndroid\uikit\AndroidManifest.xml
INJECTED from ychatAndroid\uikit\AndroidManifest.xml
	android:targetSdkVersion
		INJECTED from ychatAndroid\uikit\AndroidManifest.xml
		ADDED from ychatAndroid\uikit\AndroidManifest.xml
		INJECTED from ychatAndroid\uikit\AndroidManifest.xml
	android:minSdkVersion
		INJECTED from ychatAndroid\uikit\AndroidManifest.xml
		ADDED from ychatAndroid\uikit\AndroidManifest.xml
		INJECTED from ychatAndroid\uikit\AndroidManifest.xml